2024-06-01T03:28:19.414+0500	INFO	app/main.go:30	Listen: 	{"address": "localhost:7777"}
2024-06-01T03:28:40.851+0500	INFO	app/main.go:30	Listen: 	{"address": "localhost:7777"}
2024-06-01T03:28:40.865+0500	ERROR	app/main.go:32	app run	{"error": "listen tcp 127.0.0.1:7777: bind: address already in use"}
main.main.func1
	/home/abudlaziz/project/go/src/univer/cmd/app/main.go:32
2024-06-01T03:29:03.780+0500	INFO	app/main.go:41	api gateway service stops
2024-06-01T03:33:43.357+0500	INFO	app/main.go:30	Listen: 	{"address": "localhost:7777"}
2024-06-01T03:35:46.900+0500	INFO	app/main.go:41	api gateway service stops
2024-06-01T03:38:10.381+0500	INFO	app/main.go:30	Listen: 	{"address": "localhost:7777"}
2024-06-01T03:38:18.292+0500	INFO	app/main.go:41	api gateway service stops
2024-06-01T03:48:27.066+0500	INFO	app/main.go:30	Listen: 	{"address": "localhost:4444"}
2024-06-01T03:48:29.323+0500	INFO	app/main.go:41	api gateway service stops
2024-06-01T04:02:13.664+0500	INFO	app/main.go:30	Listen: 	{"address": "localhost:7777"}
2024-06-01T04:02:16.789+0500	INFO	app/main.go:41	api gateway service stops
2024-06-01T04:02:22.134+0500	INFO	app/main.go:30	Listen: 	{"address": "localhost:7777"}
2024-06-01T04:51:02.735+0500	INFO	app/main.go:30	Listen: 	{"address": "localhost:7777"}
2024-06-01T10:01:03.977+0500	INFO	app/main.go:41	api gateway service stops
2024-06-01T10:01:06.046+0500	INFO	app/main.go:30	Listen: 	{"address": "localhost:7777"}
post_v1_login2024-06-01T10:16:02.943+0500	INFO	app/main.go:41	api gateway service stops
2024-06-01T10:16:05.013+0500	INFO	app/main.go:30	Listen: 	{"address": "localhost:7777"}
2024-06-01T10:25:42.127+0500	INFO	app/main.go:41	api gateway service stops
2024-06-01T10:27http://localhost:7777/v1/swagger/index.html#/:10.007+0500	INFO	app/main.go:30	Listen: 	{"address": "localhost:7777"}
2024-06-01T11:16:26.359+0500	INFO	app/main.go:41	api gateway service stops
2024-06-01T11:16:28.013+0500	INFO	app/main.go:30	Listen: 	{"address": "localhost:7777"}
2024-06-01T11:18:13.170+0500	INFO	app/main.go:41	api gateway service stops
2024-06-01T11:18:15.121+0500	INFO	app/main.go:30	Listen: 	{"address": "localhost:7777"}
2024-06-01T12:41:24.694+0500	INFO	app/main.go:41	api gateway service stops
2024-06-02T03:57:16.565+0500	INFO	app/main.go:30	Listen: 	{"address": "localhost:7777"}
2024-06-02T03:57:21.619+0500	ERROR	app/main.go:32	app run	{"error": "Put \"http://127.0.0.1:9000/univer/\": dial tcp 127.0.0.1:9000: connect: connection refused"}
main.main.func1
	/home/abudlaziz/project/go/src/univer/cmd/app/main.go:32
2024-06-02T03:57:49.776+0500	INFO	app/main.go:41	api gateway service stops
2024-06-02T03:57:51.579+0500	INFO	app/main.go:30	Listen: 	{"address": "localhost:7777"}
2024-06-02T03:57:56.594+0500	ERROR	app/main.go:32	app run	{"error": "Put \"http://127.0.0.1:9000/univer/\": dial tcp 127.0.0.1:9000: connect: connection refused"}
main.main.func1
	/home/abudlaziz/project/go/src/univer/cmd/app/main.go:32
2024-06-02T03:58:04.052+0500	INFO	app/main.go:41	api gateway service stops
2024-06-02T04:02:59.641+0500	INFO	app/main.go:30	Listen: 	{"address": "localhost:7777"}
2024-06-02T04:03:58.079+0500	INFO	app/main.go:41	api gateway service stops
2024-06-02T04:04:01.915+0500	INFO	app/main.go:30	Listen: 	{"address": "localhost:7777"}
2024-06-02T04:04:05.811+0500	INFO	app/main.go:41	api gateway service stops
